SF:lib/data/datasources/remote/weather_data_api.dart
DA:12,0
DA:16,0
DA:18,0
DA:19,0
DA:20,0
DA:22,0
DA:23,0
DA:24,0
DA:26,0
DA:30,0
DA:31,0
DA:32,0
LF:12
LH:0
end_of_record
SF:lib/data/models/precipitation_response_model.dart
DA:10,1
DA:15,0
DA:16,0
DA:25,1
DA:30,0
DA:41,1
DA:47,0
LF:7
LH:3
end_of_record
SF:lib/data/models/precipitation_response_model.g.dart
DA:9,0
DA:11,0
DA:12,0
DA:13,0
DA:16,0
DA:17,0
DA:19,0
DA:20,0
DA:21,0
DA:24,0
DA:25,0
DA:27,0
DA:28,0
DA:29,0
DA:31,0
DA:32,0
DA:33,0
LF:17
LH:0
end_of_record
SF:lib/data/repositories_impl/weather_repository_impl.dart
DA:10,1
DA:12,1
DA:18,2
DA:19,1
DA:20,2
DA:21,2
DA:25,1
DA:26,1
DA:27,4
DA:28,2
DA:29,2
DA:30,2
DA:36,1
DA:37,1
DA:38,4
DA:39,2
DA:40,2
DA:41,2
DA:42,2
LF:19
LH:19
end_of_record
SF:lib/domain/models/precipitation/precipitation_model.dart
DA:5,1
DA:15,1
DA:26,1
LF:3
LH:3
end_of_record
SF:lib/domain/models/reservation/court_model.dart
DA:17,2
DA:24,1
DA:27,0
DA:28,0
DA:29,0
DA:30,0
DA:31,0
DA:32,0
DA:33,0
DA:35,0
DA:37,0
DA:38,0
DA:39,0
DA:40,0
DA:41,0
LF:15
LH:2
end_of_record
SF:lib/domain/models/reservation/court_model.g.dart
DA:13,0
DA:15,0
DA:16,0
DA:17,0
DA:19,0
DA:20,0
DA:21,0
DA:22,0
DA:23,0
DA:27,0
DA:30,0
DA:31,0
DA:32,0
DA:33,0
DA:34,0
DA:35,0
DA:36,0
DA:37,0
DA:38,0
DA:41,0
DA:42,0
DA:44,0
DA:47,0
DA:48,0
DA:49,0
LF:25
LH:0
end_of_record
SF:lib/domain/models/reservation/reservation_model.dart
DA:27,5
DA:39,1
DA:42,1
DA:43,3
DA:44,3
DA:45,3
DA:46,3
DA:47,3
DA:48,3
DA:49,3
DA:50,3
DA:51,3
DA:52,3
DA:53,3
DA:55,0
DA:57,0
DA:58,0
DA:59,0
DA:60,0
DA:61,0
DA:62,0
DA:63,0
DA:64,0
DA:65,0
DA:66,0
LF:25
LH:14
end_of_record
SF:lib/domain/models/reservation/reservation_model.g.dart
DA:13,0
DA:15,0
DA:16,0
DA:17,0
DA:19,0
DA:20,0
DA:21,0
DA:22,0
DA:23,0
DA:24,0
DA:25,0
DA:26,0
DA:27,0
DA:28,0
DA:32,0
DA:35,0
DA:36,0
DA:37,0
DA:38,0
DA:39,0
DA:40,0
DA:41,0
DA:42,0
DA:43,0
DA:44,0
DA:45,0
DA:46,0
DA:47,0
DA:48,0
DA:49,0
DA:50,0
DA:51,0
DA:52,0
DA:53,0
DA:56,0
DA:57,0
DA:59,0
DA:62,0
DA:63,0
DA:64,0
LF:40
LH:0
end_of_record
SF:lib/core/helpers/network_helper.dart
DA:4,1
DA:5,2
DA:6,0
DA:9,0
LF:4
LH:2
end_of_record
SF:lib/core/extensions/generic_extensions.dart
DA:5,0
DA:7,1
DA:8,2
DA:10,0
DA:12,0
DA:16,0
DA:20,0
DA:21,0
DA:23,0
LF:9
LH:2
end_of_record
SF:lib/domain/models/precipitation/daily_weather_model.dart
DA:6,0
LF:1
LH:0
end_of_record
SF:lib/presentation/pages/create_reservation/bloc/create_reservation_state.dart
DA:4,8
DA:8,0
DA:9,0
DA:13,1
DA:21,1
DA:22,3
DA:26,6
DA:28,0
DA:29,0
DA:33,1
DA:37,0
DA:38,0
DA:42,0
DA:48,0
DA:49,0
DA:53,6
DA:55,0
DA:56,0
DA:60,6
DA:64,0
DA:65,0
LF:21
LH:8
end_of_record
SF:lib/presentation/pages/create_reservation/bloc/create_reservation_bloc.dart
DA:19,2
DA:22,4
DA:23,2
DA:24,2
DA:26,2
DA:27,0
DA:29,2
DA:30,2
DA:31,1
DA:32,1
DA:33,1
DA:34,1
DA:35,1
DA:36,1
DA:37,1
DA:38,1
DA:39,1
DA:40,1
DA:45,2
DA:46,0
DA:48,4
DA:51,2
DA:66,0
DA:71,0
DA:73,0
DA:74,0
DA:75,0
DA:76,0
DA:77,0
DA:78,0
DA:79,0
DA:81,0
DA:82,0
DA:84,0
DA:85,0
DA:86,0
DA:92,0
DA:95,0
DA:98,0
DA:102,0
DA:103,0
DA:104,0
DA:110,0
DA:112,0
DA:113,0
DA:114,0
DA:115,0
DA:116,0
DA:117,0
DA:118,0
DA:122,1
DA:133,2
DA:134,0
DA:136,0
DA:137,0
DA:138,0
DA:139,0
DA:140,2
DA:142,0
DA:143,0
DA:144,0
DA:146,1
DA:149,1
DA:150,1
DA:152,3
DA:153,0
DA:156,0
DA:157,0
DA:158,0
DA:159,0
DA:160,0
DA:161,0
DA:163,0
DA:165,0
DA:169,0
DA:170,0
DA:174,0
DA:175,0
DA:176,0
DA:178,0
DA:179,0
DA:180,0
DA:181,0
DA:182,0
DA:188,0
DA:190,0
DA:192,0
DA:193,0
DA:194,0
DA:195,0
DA:198,0
DA:199,0
DA:200,0
DA:201,0
DA:202,0
DA:203,0
DA:204,0
DA:205,0
DA:210,0
DA:211,0
DA:212,0
DA:213,0
LF:102
LH:27
end_of_record
SF:lib/presentation/pages/create_reservation/bloc/create_reservation_event.dart
DA:4,2
DA:12,1
DA:34,0
LF:3
LH:2
end_of_record
SF:lib/presentation/pages/create_reservation/create_reservation_page.dart
DA:14,7
DA:16,1
DA:18,1
DA:19,2
DA:20,1
DA:21,1
DA:22,2
DA:23,1
DA:24,1
DA:34,1
DA:35,1
DA:36,1
DA:37,0
DA:39,1
DA:40,0
DA:41,0
DA:52,6
DA:54,1
DA:56,1
DA:57,1
DA:58,1
DA:59,1
DA:60,1
DA:61,1
DA:62,1
DA:63,1
DA:64,1
DA:65,1
DA:66,0
DA:68,1
DA:69,1
DA:71,0
DA:72,1
DA:74,1
DA:76,1
DA:91,1
DA:95,1
DA:97,1
DA:99,1
DA:102,1
DA:107,1
DA:109,1
DA:111,1
DA:113,1
DA:116,1
DA:118,1
DA:119,1
DA:120,2
DA:122,1
DA:131,1
DA:132,1
DA:133,0
DA:134,0
DA:135,0
DA:136,0
DA:153,1
DA:154,0
DA:155,0
LF:58
LH:47
end_of_record
SF:lib/presentation/pages/create_reservation/widgets/button_list_widget.dart
DA:6,1
DA:8,1
DA:9,1
DA:10,0
DA:11,1
DA:12,0
DA:13,1
DA:14,1
DA:15,0
DA:16,0
DA:17,0
DA:18,0
DA:19,0
DA:20,0
DA:21,0
DA:22,0
DA:23,0
DA:24,0
DA:26,0
DA:27,0
DA:29,0
DA:30,0
DA:35,0
DA:36,0
DA:37,0
DA:40,0
DA:47,1
DA:49,1
DA:50,1
DA:51,0
DA:53,2
DA:54,1
DA:55,1
DA:56,0
DA:57,0
DA:59,0
DA:60,0
DA:62,0
DA:63,0
DA:65,0
DA:66,0
DA:70,1
DA:71,1
DA:72,3
DA:74,2
LF:45
LH:16
end_of_record
SF:lib/presentation/pages/create_reservation/widgets/court_image_widget.dart
DA:6,0
DA:8,0
DA:10,0
DA:11,0
DA:13,0
DA:14,0
DA:15,0
DA:16,0
DA:18,0
DA:19,0
DA:23,0
DA:25,0
DA:28,0
DA:29,0
DA:31,0
DA:32,0
DA:38,0
DA:40,0
DA:42,0
LF:19
LH:0
end_of_record
SF:lib/presentation/pages/create_reservation/widgets/date_text_field_widget.dart
DA:7,1
DA:14,1
DA:16,1
DA:18,1
DA:19,1
DA:20,1
DA:22,1
DA:24,1
DA:26,1
DA:28,3
DA:29,1
DA:34,0
DA:35,0
DA:36,0
DA:38,0
DA:40,0
DA:41,0
DA:43,0
DA:44,0
DA:53,0
DA:58,0
DA:60,0
DA:61,0
DA:62,0
DA:63,0
DA:67,0
DA:69,0
DA:74,0
DA:75,0
DA:76,0
DA:77,0
DA:78,0
DA:79,0
LF:33
LH:11
end_of_record
SF:lib/presentation/pages/create_reservation/widgets/weather_widget.dart
DA:8,6
DA:10,1
DA:12,1
DA:13,1
DA:15,1
DA:16,0
DA:17,0
DA:18,0
DA:20,0
DA:21,0
DA:22,0
DA:25,1
DA:26,0
DA:27,0
DA:28,0
DA:30,0
DA:32,0
DA:34,0
DA:44,0
DA:46,0
DA:47,0
DA:48,0
DA:54,0
DA:56,0
DA:58,0
DA:59,0
DA:61,0
DA:64,0
DA:82,0
DA:83,0
DA:91,0
DA:94,0
DA:95,0
DA:96,0
DA:103,0
DA:104,0
LF:36
LH:6
end_of_record
SF:lib/routes.dart
DA:9,0
DA:10,0
DA:11,0
LF:3
LH:0
end_of_record
SF:lib/presentation/pages/reservations/bloc/reservations_state.dart
DA:4,9
DA:8,0
DA:9,0
DA:13,7
DA:15,1
DA:16,1
DA:20,2
DA:24,1
DA:25,2
DA:29,7
DA:31,1
DA:32,1
DA:36,7
DA:40,1
DA:41,2
DA:45,0
DA:49,0
DA:50,0
LF:18
LH:13
end_of_record
SF:lib/presentation/pages/reservations/bloc/reservations_event.dart
DA:4,7
DA:8,7
DA:12,1
DA:18,0
LF:4
LH:3
end_of_record
SF:lib/presentation/pages/reservations/bloc/reservations_bloc.dart
DA:13,2
DA:14,4
DA:15,2
DA:16,4
DA:18,2
DA:19,3
DA:25,2
DA:26,2
DA:28,8
DA:29,2
DA:30,2
DA:31,8
DA:33,4
DA:35,2
DA:38,2
DA:39,0
DA:43,1
DA:45,1
DA:47,1
DA:48,1
DA:49,2
DA:50,1
DA:51,1
DA:52,0
LF:24
LH:22
end_of_record
SF:lib/presentation/pages/reservations/reservations_page.dart
DA:11,7
DA:13,1
DA:15,1
DA:16,2
DA:17,1
DA:18,1
DA:19,1
DA:20,1
DA:30,1
DA:31,1
DA:32,1
DA:33,0
DA:38,1
DA:43,0
DA:44,0
DA:52,6
DA:54,1
DA:56,1
DA:57,0
DA:58,0
DA:60,1
DA:61,1
DA:62,1
DA:63,1
DA:65,2
DA:66,2
DA:67,2
DA:68,1
DA:69,1
DA:71,2
DA:72,2
DA:73,0
DA:74,0
DA:75,0
DA:79,0
DA:80,0
DA:82,0
DA:84,0
DA:85,0
DA:93,1
DA:94,1
DA:95,1
DA:96,1
DA:97,1
DA:98,2
LF:45
LH:32
end_of_record
SF:lib/presentation/pages/reservations/widgets/confirm_delete_dialog.dart
DA:4,0
DA:13,0
DA:15,0
DA:16,0
DA:17,0
DA:32,0
DA:33,0
DA:35,0
DA:36,0
DA:37,0
DA:38,0
DA:39,0
DA:40,0
DA:45,0
DA:47,0
DA:48,0
LF:16
LH:0
end_of_record
SF:lib/presentation/pages/reservations/widgets/detail_reservation_dialog.dart
DA:7,1
DA:16,1
DA:18,1
DA:19,1
DA:20,1
DA:25,1
DA:28,1
DA:29,1
DA:30,2
DA:31,1
DA:34,1
DA:35,1
DA:49,1
DA:50,2
DA:56,1
DA:57,4
DA:60,1
DA:61,4
DA:62,1
DA:63,3
DA:66,1
DA:67,3
DA:70,1
DA:71,3
DA:74,1
DA:75,3
DA:80,1
DA:81,1
DA:83,1
DA:84,1
DA:85,1
DA:86,0
DA:88,0
DA:89,0
DA:90,0
DA:95,1
DA:97,1
DA:98,0
LF:38
LH:33
end_of_record
SF:lib/presentation/pages/reservations/widgets/reservation_list_item.dart
DA:6,1
DA:17,1
DA:19,1
DA:23,1
DA:25,1
DA:33,1
DA:34,1
DA:35,1
DA:36,1
DA:37,4
DA:38,1
DA:39,1
DA:40,1
DA:41,2
DA:45,1
DA:48,1
DA:49,1
DA:65,1
DA:66,1
DA:70,1
DA:71,1
DA:72,2
DA:76,1
DA:77,4
DA:81,1
DA:82,4
DA:83,1
DA:84,3
DA:88,1
DA:89,3
DA:100,1
DA:102,0
LF:32
LH:31
end_of_record
SF:lib/data/datasources/local/reservation_local_source.dart
DA:11,0
DA:12,0
DA:13,0
DA:15,0
DA:18,0
DA:19,0
DA:20,0
DA:22,0
DA:25,0
DA:26,0
DA:27,0
DA:30,0
DA:31,0
DA:32,0
DA:37,0
DA:38,0
DA:39,0
DA:44,0
DA:45,0
DA:46,0
DA:49,0
DA:50,0
DA:53,0
DA:57,0
DA:58,0
DA:59,0
DA:62,0
DA:63,0
DA:64,0
DA:69,0
DA:70,0
DA:71,0
DA:74,0
DA:75,0
DA:78,0
DA:82,0
DA:85,0
DA:88,0
DA:91,0
DA:97,0
DA:98,0
DA:99,0
LF:42
LH:0
end_of_record
SF:lib/data/repositories_impl/reservations_repository_impl.dart
DA:9,1
DA:11,1
DA:13,2
DA:15,1
DA:17,2
DA:19,1
DA:22,2
DA:25,1
DA:27,2
DA:29,1
DA:30,2
LF:11
LH:11
end_of_record
